Build started 12/2/2015 12:45:04 PM.
     1>Project "F:\AI-Client\AI Client\AI Client\AI Client.vcxproj" on node 2 (Build target(s)).
     1>ClCompile:
         C:\Program Files (x86)\Microsoft Visual Studio 14.0\VC\bin\CL.exe /c /ZI /nologo /W3 /WX- /sdl /Od /Oy- /D _MBCS /Gm /EHsc /RTC1 /MDd /GS /fp:precise /Zc:wchar_t /Zc:forScope /Zc:inline /Fo"Debug\\" /Fd"Debug\vc140.pdb" /Gd /TP /analyze- /errorReport:prompt AI.cpp Main.cpp
         AI.cpp
         Generating Code...
         Skipping... (no relevant changes detected)
         Main.cpp
       Link:
         C:\Program Files (x86)\Microsoft Visual Studio 14.0\VC\bin\link.exe /ERRORREPORT:PROMPT /OUT:"F:\AI-Client\AI Client\Debug\AI Client.exe" /INCREMENTAL /NOLOGO kernel32.lib user32.lib gdi32.lib winspool.lib comdlg32.lib advapi32.lib shell32.lib ole32.lib oleaut32.lib uuid.lib odbc32.lib odbccp32.lib kernel32.lib user32.lib gdi32.lib winspool.lib comdlg32.lib advapi32.lib shell32.lib ole32.lib oleaut32.lib uuid.lib odbc32.lib odbccp32.lib ConquestOfCastles.lib /MANIFEST /MANIFESTUAC:"level='asInvoker' uiAccess='false'" /manifest:embed /Debug /PDB:"F:\AI-Client\AI Client\Debug\AI Client.pdb" /TLBID:1 /DYNAMICBASE /NXCOMPAT /IMPLIB:"F:\AI-Client\AI Client\Debug\AI Client.lib" /MACHINE:X86 Debug\AI.obj
         Debug\Main.obj
     1>ConquestOfCastles.lib(Player.obj) : error LNK2038: mismatch detected for '_ITERATOR_DEBUG_LEVEL': value '0' doesn't match value '2' in AI.obj
     1>ConquestOfCastles.lib(Player.obj) : error LNK2038: mismatch detected for 'RuntimeLibrary': value 'MD_DynamicRelease' doesn't match value 'MDd_DynamicDebug' in AI.obj
     1>ConquestOfCastles.lib(WorldModel.obj) : error LNK2038: mismatch detected for '_ITERATOR_DEBUG_LEVEL': value '0' doesn't match value '2' in AI.obj
     1>ConquestOfCastles.lib(WorldModel.obj) : error LNK2038: mismatch detected for 'RuntimeLibrary': value 'MD_DynamicRelease' doesn't match value 'MDd_DynamicDebug' in AI.obj
     1>ConquestOfCastles.lib(ClientManager.obj) : error LNK2038: mismatch detected for '_ITERATOR_DEBUG_LEVEL': value '0' doesn't match value '2' in AI.obj
     1>ConquestOfCastles.lib(ClientManager.obj) : error LNK2038: mismatch detected for 'RuntimeLibrary': value 'MD_DynamicRelease' doesn't match value 'MDd_DynamicDebug' in AI.obj
     1>ConquestOfCastles.lib(Unit.obj) : error LNK2038: mismatch detected for '_ITERATOR_DEBUG_LEVEL': value '0' doesn't match value '2' in AI.obj
     1>ConquestOfCastles.lib(Unit.obj) : error LNK2038: mismatch detected for 'RuntimeLibrary': value 'MD_DynamicRelease' doesn't match value 'MDd_DynamicDebug' in AI.obj
     1>ConquestOfCastles.lib(GameObjects.obj) : error LNK2038: mismatch detected for '_ITERATOR_DEBUG_LEVEL': value '0' doesn't match value '2' in AI.obj
     1>ConquestOfCastles.lib(GameObjects.obj) : error LNK2038: mismatch detected for 'RuntimeLibrary': value 'MD_DynamicRelease' doesn't match value 'MDd_DynamicDebug' in AI.obj
     1>ConquestOfCastles.lib(TcpConnectionWindows.obj) : error LNK2038: mismatch detected for '_ITERATOR_DEBUG_LEVEL': value '0' doesn't match value '2' in AI.obj
     1>ConquestOfCastles.lib(TcpConnectionWindows.obj) : error LNK2038: mismatch detected for 'RuntimeLibrary': value 'MD_DynamicRelease' doesn't match value 'MDd_DynamicDebug' in AI.obj
     1>ConquestOfCastles.lib(ServerConnection.obj) : error LNK2038: mismatch detected for '_ITERATOR_DEBUG_LEVEL': value '0' doesn't match value '2' in AI.obj
     1>ConquestOfCastles.lib(ServerConnection.obj) : error LNK2038: mismatch detected for 'RuntimeLibrary': value 'MD_DynamicRelease' doesn't match value 'MDd_DynamicDebug' in AI.obj
     1>ConquestOfCastles.lib(ThreadManagerWindows.obj) : error LNK2038: mismatch detected for '_ITERATOR_DEBUG_LEVEL': value '0' doesn't match value '2' in AI.obj
     1>ConquestOfCastles.lib(ThreadManagerWindows.obj) : error LNK2038: mismatch detected for 'RuntimeLibrary': value 'MD_DynamicRelease' doesn't match value 'MDd_DynamicDebug' in AI.obj
     1>ConquestOfCastles.lib(Geometry.obj) : error LNK2038: mismatch detected for '_ITERATOR_DEBUG_LEVEL': value '0' doesn't match value '2' in AI.obj
     1>ConquestOfCastles.lib(Geometry.obj) : error LNK2038: mismatch detected for 'RuntimeLibrary': value 'MD_DynamicRelease' doesn't match value 'MDd_DynamicDebug' in AI.obj
     1>ConquestOfCastles.lib(Commands.obj) : error LNK2038: mismatch detected for '_ITERATOR_DEBUG_LEVEL': value '0' doesn't match value '2' in AI.obj
     1>ConquestOfCastles.lib(Commands.obj) : error LNK2038: mismatch detected for 'RuntimeLibrary': value 'MD_DynamicRelease' doesn't match value 'MDd_DynamicDebug' in AI.obj
     1>LINK : warning LNK4098: defaultlib 'MSVCRT' conflicts with use of other libs; use /NODEFAULTLIB:library
     1>F:\AI-Client\AI Client\Debug\AI Client.exe : fatal error LNK1319: 20 mismatches detected
     1>Done Building Project "F:\AI-Client\AI Client\AI Client\AI Client.vcxproj" (Build target(s)) -- FAILED.

Build FAILED.

Time Elapsed 00:00:01.12
