Build started 12/2/2015 1:30:49 PM.
     1>Project "F:\AI-Client\AI Client\AI Client\AI Client.vcxproj" on node 2 (Build target(s)).
     1>ClCompile:
         C:\Program Files (x86)\Microsoft Visual Studio 14.0\VC\bin\CL.exe /c /Zi /nologo /W3 /WX- /sdl /O2 /Oi /Oy- /GL /D _MBCS /Gm- /EHsc /MD /GS /Gy /fp:precise /Zc:wchar_t /Zc:forScope /Zc:inline /Fo"Release\\" /Fd"Release\vc140.pdb" /Gd /TP /analyze- /errorReport:prompt AI.cpp Main.cpp
         AI.cpp
         Main.cpp
       Link:
         C:\Program Files (x86)\Microsoft Visual Studio 14.0\VC\bin\link.exe /ERRORREPORT:PROMPT /OUT:"F:\AI-Client\AI Client\Release\AI Client.exe" /NOLOGO kernel32.lib user32.lib gdi32.lib winspool.lib comdlg32.lib advapi32.lib shell32.lib ole32.lib oleaut32.lib uuid.lib odbc32.lib odbccp32.lib kernel32.lib user32.lib gdi32.lib winspool.lib comdlg32.lib advapi32.lib shell32.lib ole32.lib oleaut32.lib uuid.lib odbc32.lib odbccp32.lib ConquestOfCastles.lib /MANIFEST /MANIFESTUAC:"level='asInvoker' uiAccess='false'" /manifest:embed /Debug /PDB:"F:\AI-Client\AI Client\Release\AI Client.pdb" /OPT:REF /OPT:ICF /LTCG:incremental /TLBID:1 /DYNAMICBASE /NXCOMPAT /IMPLIB:"F:\AI-Client\AI Client\Release\AI Client.lib" /MACHINE:X86 /SAFESEH Release\AI.obj
         Release\Main.obj
         Generating code
         4 of 69 functions ( 5.8%) were compiled, the rest were copied from previous compilation.
           1 functions were new in current compilation
           0 functions had inline decision re-evaluated but remain unchanged
         Finished generating code
     1>ConquestOfCastles.lib(ClientManager.obj) : warning LNK4099: PDB 'ConquestOfCastles.pdb' was not found with 'ConquestOfCastles.lib(ClientManager.obj)' or at 'F:\AI-Client\AI Client\Release\ConquestOfCastles.pdb'; linking object as if no debug info
     1>ConquestOfCastles.lib(Commands.obj) : warning LNK4099: PDB 'ConquestOfCastles.pdb' was not found with 'ConquestOfCastles.lib(Commands.obj)' or at 'F:\AI-Client\AI Client\Release\ConquestOfCastles.pdb'; linking object as if no debug info
     1>ConquestOfCastles.lib(GameObjects.obj) : warning LNK4099: PDB 'ConquestOfCastles.pdb' was not found with 'ConquestOfCastles.lib(GameObjects.obj)' or at 'F:\AI-Client\AI Client\Release\ConquestOfCastles.pdb'; linking object as if no debug info
     1>ConquestOfCastles.lib(Geometry.obj) : warning LNK4099: PDB 'ConquestOfCastles.pdb' was not found with 'ConquestOfCastles.lib(Geometry.obj)' or at 'F:\AI-Client\AI Client\Release\ConquestOfCastles.pdb'; linking object as if no debug info
     1>ConquestOfCastles.lib(Player.obj) : warning LNK4099: PDB 'ConquestOfCastles.pdb' was not found with 'ConquestOfCastles.lib(Player.obj)' or at 'F:\AI-Client\AI Client\Release\ConquestOfCastles.pdb'; linking object as if no debug info
     1>ConquestOfCastles.lib(ServerConnection.obj) : warning LNK4099: PDB 'ConquestOfCastles.pdb' was not found with 'ConquestOfCastles.lib(ServerConnection.obj)' or at 'F:\AI-Client\AI Client\Release\ConquestOfCastles.pdb'; linking object as if no debug info
     1>ConquestOfCastles.lib(TcpConnectionWindows.obj) : warning LNK4099: PDB 'ConquestOfCastles.pdb' was not found with 'ConquestOfCastles.lib(TcpConnectionWindows.obj)' or at 'F:\AI-Client\AI Client\Release\ConquestOfCastles.pdb'; linking object as if no debug info
     1>ConquestOfCastles.lib(ThreadManagerWindows.obj) : warning LNK4099: PDB 'ConquestOfCastles.pdb' was not found with 'ConquestOfCastles.lib(ThreadManagerWindows.obj)' or at 'F:\AI-Client\AI Client\Release\ConquestOfCastles.pdb'; linking object as if no debug info
     1>ConquestOfCastles.lib(Unit.obj) : warning LNK4099: PDB 'ConquestOfCastles.pdb' was not found with 'ConquestOfCastles.lib(Unit.obj)' or at 'F:\AI-Client\AI Client\Release\ConquestOfCastles.pdb'; linking object as if no debug info
     1>ConquestOfCastles.lib(WorldModel.obj) : warning LNK4099: PDB 'ConquestOfCastles.pdb' was not found with 'ConquestOfCastles.lib(WorldModel.obj)' or at 'F:\AI-Client\AI Client\Release\ConquestOfCastles.pdb'; linking object as if no debug info
         AI Client.vcxproj -> F:\AI-Client\AI Client\Release\AI Client.exe
     1>Done Building Project "F:\AI-Client\AI Client\AI Client\AI Client.vcxproj" (Build target(s)).

Build succeeded.

Time Elapsed 00:00:01.64
