Build started 12/2/2015 8:59:14 PM.
     1>Project "F:\AI-Client\C++ Client 1.01\ConquestOfCastlesVS12\ConquestOfCastlesVS12.vcxproj" on node 2 (Build target(s)).
     1>ClCompile:
         D:\Program Files (x86)\Microsoft Visual Studio 12.0\VC\bin\CL.exe /c /ZI /nologo /W3 /WX- /Od /Oy- /D WIN32 /D _DEBUG /D _LIB /D _UNICODE /D UNICODE /Gm /EHsc /RTC1 /MDd /GS /fp:precise /Zc:wchar_t /Zc:forScope /Fo"Debug\\" /Fd"Debug\vc120.pdb" /Gd /TP /analyze- /errorReport:prompt AI.cpp
         AI.cpp
     1>f:\ai-client\c++ client 1.01\conquestofcastlesvs12\ai.cpp(32): warning C4018: '<' : signed/unsigned mismatch
     1>f:\ai-client\c++ client 1.01\conquestofcastlesvs12\ai.cpp(35): warning C4018: '<' : signed/unsigned mismatch
       Link:
         D:\Program Files (x86)\Microsoft Visual Studio 12.0\VC\bin\link.exe /ERRORREPORT:PROMPT /OUT:"F:\AI-Client\C++ Client 1.01\Debug\ConquestOfCastlesVS12.exe" /INCREMENTAL /NOLOGO kernel32.lib user32.lib gdi32.lib winspool.lib comdlg32.lib advapi32.lib shell32.lib ole32.lib oleaut32.lib uuid.lib odbc32.lib odbccp32.lib /MANIFEST /MANIFESTUAC:"level='asInvoker' uiAccess='false'" /manifest:embed /DEBUG /PDB:"F:\AI-Client\C++ Client 1.01\Debug\ConquestOfCastlesVS12.pdb" /SUBSYSTEM:CONSOLE /TLBID:1 /DYNAMICBASE /NXCOMPAT /IMPLIB:"F:\AI-Client\C++ Client 1.01\Debug\ConquestOfCastlesVS12.lib" /MACHINE:X86 Debug\ClientMain.obj
         Debug\ClientManager.obj
         Debug\Commands.obj
         Debug\GameObjects.obj
         Debug\Geometry.obj
         Debug\Player.obj
         Debug\AI.obj
         Debug\ServerConnection.obj
         Debug\TcpConnectionWindows.obj
         Debug\ThreadManagerWindows.obj
         Debug\Unit.obj
         Debug\WorldModel.obj
         ConquestOfCastlesVS12.vcxproj -> F:\AI-Client\C++ Client 1.01\Debug\ConquestOfCastlesVS12.exe
     1>Done Building Project "F:\AI-Client\C++ Client 1.01\ConquestOfCastlesVS12\ConquestOfCastlesVS12.vcxproj" (Build target(s)).

Build succeeded.

Time Elapsed 00:00:01.06
