C:\USERS\TAHA\DOCUMENTS\VISUAL STUDIO 2012\PROJECTS\CONQUESTOFCASTLESVS12\CONQUESTOFCASTLESVS12\DEBUG\CLIENTMAIN.OBJ
C:\USERS\TAHA\DOCUMENTS\VISUAL STUDIO 2012\PROJECTS\CONQUESTOFCASTLESVS12\CONQUESTOFCASTLESVS12\DEBUG\CLIENTMANAGER.OBJ
C:\USERS\TAHA\DOCUMENTS\VISUAL STUDIO 2012\PROJECTS\CONQUESTOFCASTLESVS12\CONQUESTOFCASTLESVS12\DEBUG\COMMANDS.OBJ
C:\USERS\TAHA\DOCUMENTS\VISUAL STUDIO 2012\PROJECTS\CONQUESTOFCASTLESVS12\CONQUESTOFCASTLESVS12\DEBUG\GAMEOBJECTS.OBJ
C:\USERS\TAHA\DOCUMENTS\VISUAL STUDIO 2012\PROJECTS\CONQUESTOFCASTLESVS12\CONQUESTOFCASTLESVS12\DEBUG\GEOMETRY.OBJ
C:\USERS\TAHA\DOCUMENTS\VISUAL STUDIO 2012\PROJECTS\CONQUESTOFCASTLESVS12\CONQUESTOFCASTLESVS12\DEBUG\PLAYER.OBJ
C:\USERS\TAHA\DOCUMENTS\VISUAL STUDIO 2012\PROJECTS\CONQUESTOFCASTLESVS12\CONQUESTOFCASTLESVS12\DEBUG\PLAYERAI.OBJ
C:\USERS\TAHA\DOCUMENTS\VISUAL STUDIO 2012\PROJECTS\CONQUESTOFCASTLESVS12\CONQUESTOFCASTLESVS12\DEBUG\SERVERCONNECTION.OBJ
C:\USERS\TAHA\DOCUMENTS\VISUAL STUDIO 2012\PROJECTS\CONQUESTOFCASTLESVS12\CONQUESTOFCASTLESVS12\DEBUG\TCPCONNECTIONWINDOWS.OBJ
C:\USERS\TAHA\DOCUMENTS\VISUAL STUDIO 2012\PROJECTS\CONQUESTOFCASTLESVS12\CONQUESTOFCASTLESVS12\DEBUG\THREADMANAGERWINDOWS.OBJ
C:\USERS\TAHA\DOCUMENTS\VISUAL STUDIO 2012\PROJECTS\CONQUESTOFCASTLESVS12\CONQUESTOFCASTLESVS12\DEBUG\UNIT.OBJ
C:\USERS\TAHA\DOCUMENTS\VISUAL STUDIO 2012\PROJECTS\CONQUESTOFCASTLESVS12\CONQUESTOFCASTLESVS12\DEBUG\WORLDMODEL.OBJ
C:\USERS\TAHA\DOCUMENTS\VISUAL STUDIO 2012\PROJECTS\CONQUESTOFCASTLESVS12\CONQUESTOFCASTLESVS12\DEBUG\VC110.PDB
C:\USERS\TAHA\DOCUMENTS\VISUAL STUDIO 2012\PROJECTS\CONQUESTOFCASTLESVS12\DEBUG\CONQUESTOFCASTLESVS12.ILK
C:\USERS\TAHA\DOCUMENTS\VISUAL STUDIO 2012\PROJECTS\CONQUESTOFCASTLESVS12\DEBUG\CONQUESTOFCASTLESVS12.EXE
C:\USERS\TAHA\DOCUMENTS\VISUAL STUDIO 2012\PROJECTS\CONQUESTOFCASTLESVS12\DEBUG\CONQUESTOFCASTLESVS12.PDB
C:\Users\Taha\documents\visual studio 2012\Projects\ConquestOfCastlesVS12\ConquestOfCastlesVS12\Debug\ClientMain.obj
C:\Users\Taha\documents\visual studio 2012\Projects\ConquestOfCastlesVS12\ConquestOfCastlesVS12\Debug\ClientManager.obj
C:\Users\Taha\documents\visual studio 2012\Projects\ConquestOfCastlesVS12\ConquestOfCastlesVS12\Debug\Commands.obj
C:\Users\Taha\documents\visual studio 2012\Projects\ConquestOfCastlesVS12\ConquestOfCastlesVS12\Debug\GameObjects.obj
C:\Users\Taha\documents\visual studio 2012\Projects\ConquestOfCastlesVS12\ConquestOfCastlesVS12\Debug\Geometry.obj
C:\Users\Taha\documents\visual studio 2012\Projects\ConquestOfCastlesVS12\ConquestOfCastlesVS12\Debug\Player.obj
C:\Users\Taha\documents\visual studio 2012\Projects\ConquestOfCastlesVS12\ConquestOfCastlesVS12\Debug\PlayerAI.obj
C:\Users\Taha\documents\visual studio 2012\Projects\ConquestOfCastlesVS12\ConquestOfCastlesVS12\Debug\ServerConnection.obj
C:\Users\Taha\documents\visual studio 2012\Projects\ConquestOfCastlesVS12\ConquestOfCastlesVS12\Debug\TcpConnectionWindows.obj
C:\Users\Taha\documents\visual studio 2012\Projects\ConquestOfCastlesVS12\ConquestOfCastlesVS12\Debug\ThreadManagerWindows.obj
C:\Users\Taha\documents\visual studio 2012\Projects\ConquestOfCastlesVS12\ConquestOfCastlesVS12\Debug\Unit.obj
C:\Users\Taha\documents\visual studio 2012\Projects\ConquestOfCastlesVS12\ConquestOfCastlesVS12\Debug\WorldModel.obj
C:\Users\Taha\documents\visual studio 2012\Projects\ConquestOfCastlesVS12\ConquestOfCastlesVS12\Debug\cl.command.1.tlog
C:\Users\Taha\documents\visual studio 2012\Projects\ConquestOfCastlesVS12\ConquestOfCastlesVS12\Debug\CL.read.1.tlog
C:\Users\Taha\documents\visual studio 2012\Projects\ConquestOfCastlesVS12\ConquestOfCastlesVS12\Debug\CL.write.1.tlog
C:\Users\Taha\documents\visual studio 2012\Projects\ConquestOfCastlesVS12\ConquestOfCastlesVS12\Debug\link-cvtres.read.1.tlog
C:\Users\Taha\documents\visual studio 2012\Projects\ConquestOfCastlesVS12\ConquestOfCastlesVS12\Debug\link-cvtres.write.1.tlog
C:\Users\Taha\documents\visual studio 2012\Projects\ConquestOfCastlesVS12\ConquestOfCastlesVS12\Debug\link-rc.read.1.tlog
C:\Users\Taha\documents\visual studio 2012\Projects\ConquestOfCastlesVS12\ConquestOfCastlesVS12\Debug\link-rc.write.1.tlog
C:\Users\Taha\documents\visual studio 2012\Projects\ConquestOfCastlesVS12\ConquestOfCastlesVS12\Debug\link.command.1.tlog
C:\Users\Taha\documents\visual studio 2012\Projects\ConquestOfCastlesVS12\ConquestOfCastlesVS12\Debug\link.read.1.tlog
C:\Users\Taha\documents\visual studio 2012\Projects\ConquestOfCastlesVS12\ConquestOfCastlesVS12\Debug\link.write.1.tlog
C:\Users\Taha\documents\visual studio 2012\Projects\ConquestOfCastlesVS12\ConquestOfCastlesVS12\Debug\vc110.idb
C:\Users\Taha\documents\visual studio 2012\Projects\ConquestOfCastlesVS12\ConquestOfCastlesVS12\Debug\vc110.pdb
C:\Users\Taha\documents\visual studio 2012\Projects\ConquestOfCastlesVS12\Debug\ConquestOfCastlesVS12.pdb
C:\Users\Taha\documents\visual studio 2012\Projects\ConquestOfCastlesVS12\Debug\ConquestOfCastlesVS12.exe
C:\Users\Taha\documents\visual studio 2012\Projects\ConquestOfCastlesVS12\Debug\ConquestOfCastlesVS12.ilk
