Build started 12/2/2015 9:35:21 PM.
     1>Project "F:\AI-Client\C++ Client 1.01\ConquestOfCastlesVS12\ConquestOfCastlesVS12.vcxproj" on node 2 (Build target(s)).
     1>ClCompile:
         D:\Program Files (x86)\Microsoft Visual Studio 12.0\VC\bin\CL.exe /c /Zi /nologo /W3 /WX- /O2 /Oi /Oy- /GL /D WIN32 /D NDEBUG /D _LIB /D _UNICODE /D UNICODE /Gm- /EHsc /MD /GS /Gy /fp:precise /Zc:wchar_t /Zc:forScope /Fo"Release\\" /Fd"Release\vc120.pdb" /Gd /TP /analyze- /errorReport:prompt AI.cpp ClientMain.cpp
         AI.cpp
     1>AI.cpp(32): warning C4018: '<' : signed/unsigned mismatch
     1>AI.cpp(35): warning C4018: '<' : signed/unsigned mismatch
         ClientMain.cpp
       Link:
         D:\Program Files (x86)\Microsoft Visual Studio 12.0\VC\bin\link.exe /ERRORREPORT:PROMPT /OUT:"F:\AI-Client\C++ Client 1.01\Release\ConquestOfCastlesVS12.exe" /NOLOGO kernel32.lib user32.lib gdi32.lib winspool.lib comdlg32.lib advapi32.lib shell32.lib ole32.lib oleaut32.lib uuid.lib odbc32.lib odbccp32.lib /MANIFEST /MANIFESTUAC:"level='asInvoker' uiAccess='false'" /manifest:embed /DEBUG /PDB:"F:\AI-Client\C++ Client 1.01\Release\ConquestOfCastlesVS12.pdb" /SUBSYSTEM:CONSOLE /OPT:REF /OPT:ICF /LTCG /TLBID:1 /DYNAMICBASE /NXCOMPAT /IMPLIB:"F:\AI-Client\C++ Client 1.01\Release\ConquestOfCastlesVS12.lib" /MACHINE:X86 /SAFESEH Release\ClientMain.obj
         Release\ClientManager.obj
         Release\Commands.obj
         Release\GameObjects.obj
         Release\Geometry.obj
         Release\Player.obj
         Release\AI.obj
         Release\ServerConnection.obj
         Release\TcpConnectionWindows.obj
         Release\ThreadManagerWindows.obj
         Release\Unit.obj
         Release\WorldModel.obj
         Generating code
         Finished generating code
         ConquestOfCastlesVS12.vcxproj -> F:\AI-Client\C++ Client 1.01\Release\ConquestOfCastlesVS12.exe
     1>Done Building Project "F:\AI-Client\C++ Client 1.01\ConquestOfCastlesVS12\ConquestOfCastlesVS12.vcxproj" (Build target(s)).

Build succeeded.

Time Elapsed 00:00:02.52
