C:\USERS\TAHA\DOCUMENTS\VISUAL STUDIO 2012\PROJECTS\CONQUESTOFCASTLESVS12\CONQUESTOFCASTLESVS12\RELEASE\WORLDMODEL.OBJ
C:\USERS\TAHA\DOCUMENTS\VISUAL STUDIO 2012\PROJECTS\CONQUESTOFCASTLESVS12\CONQUESTOFCASTLESVS12\RELEASE\UNIT.OBJ
C:\USERS\TAHA\DOCUMENTS\VISUAL STUDIO 2012\PROJECTS\CONQUESTOFCASTLESVS12\CONQUESTOFCASTLESVS12\RELEASE\THREADMANAGERWINDOWS.OBJ
C:\USERS\TAHA\DOCUMENTS\VISUAL STUDIO 2012\PROJECTS\CONQUESTOFCASTLESVS12\CONQUESTOFCASTLESVS12\RELEASE\TCPCONNECTIONWINDOWS.OBJ
C:\USERS\TAHA\DOCUMENTS\VISUAL STUDIO 2012\PROJECTS\CONQUESTOFCASTLESVS12\CONQUESTOFCASTLESVS12\RELEASE\SERVERCONNECTION.OBJ
C:\USERS\TAHA\DOCUMENTS\VISUAL STUDIO 2012\PROJECTS\CONQUESTOFCASTLESVS12\CONQUESTOFCASTLESVS12\RELEASE\PLAYER.OBJ
C:\USERS\TAHA\DOCUMENTS\VISUAL STUDIO 2012\PROJECTS\CONQUESTOFCASTLESVS12\CONQUESTOFCASTLESVS12\RELEASE\GEOMETRY.OBJ
C:\USERS\TAHA\DOCUMENTS\VISUAL STUDIO 2012\PROJECTS\CONQUESTOFCASTLESVS12\CONQUESTOFCASTLESVS12\RELEASE\GAMEOBJECTS.OBJ
C:\USERS\TAHA\DOCUMENTS\VISUAL STUDIO 2012\PROJECTS\CONQUESTOFCASTLESVS12\CONQUESTOFCASTLESVS12\RELEASE\COMMANDS.OBJ
C:\USERS\TAHA\DOCUMENTS\VISUAL STUDIO 2012\PROJECTS\CONQUESTOFCASTLESVS12\CONQUESTOFCASTLESVS12\RELEASE\CLIENTMANAGER.OBJ
C:\USERS\TAHA\DOCUMENTS\VISUAL STUDIO 2012\PROJECTS\CONQUESTOFCASTLESVS12\CONQUESTOFCASTLESVS12\RELEASE\VC110.PDB
C:\USERS\TAHA\DOCUMENTS\VISUAL STUDIO 2012\PROJECTS\CONQUESTOFCASTLESVS12\CONQUESTOFCASTLESVS12\RELEASE\PLAYERAI.OBJ
C:\USERS\TAHA\DOCUMENTS\VISUAL STUDIO 2012\PROJECTS\CONQUESTOFCASTLESVS12\CONQUESTOFCASTLESVS12\RELEASE\CLIENTMAIN.OBJ
C:\Users\Taha\documents\visual studio 2012\Projects\ConquestOfCastlesVS12\Release\ConquestOfCastlesVS12.lib
C:\Users\Taha\documents\visual studio 2012\Projects\ConquestOfCastlesVS12\Release\ConquestOfCastlesVS12.exp
C:\USERS\TAHA\DOCUMENTS\VISUAL STUDIO 2012\PROJECTS\CONQUESTOFCASTLESVS12\RELEASE\CONQUESTOFCASTLESVS12.LIB
C:\USERS\TAHA\DOCUMENTS\VISUAL STUDIO 2012\PROJECTS\CONQUESTOFCASTLESVS12\RELEASE\CONQUESTOFCASTLESVS12.EXE
C:\USERS\TAHA\DOCUMENTS\VISUAL STUDIO 2012\PROJECTS\CONQUESTOFCASTLESVS12\RELEASE\CONQUESTOFCASTLESVS12.PDB
C:\Users\Taha\documents\visual studio 2012\Projects\ConquestOfCastlesVS12\ConquestOfCastlesVS12\Release\ClientMain.obj
C:\Users\Taha\documents\visual studio 2012\Projects\ConquestOfCastlesVS12\ConquestOfCastlesVS12\Release\ClientManager.obj
C:\Users\Taha\documents\visual studio 2012\Projects\ConquestOfCastlesVS12\ConquestOfCastlesVS12\Release\Commands.obj
C:\Users\Taha\documents\visual studio 2012\Projects\ConquestOfCastlesVS12\ConquestOfCastlesVS12\Release\GameObjects.obj
C:\Users\Taha\documents\visual studio 2012\Projects\ConquestOfCastlesVS12\ConquestOfCastlesVS12\Release\Geometry.obj
C:\Users\Taha\documents\visual studio 2012\Projects\ConquestOfCastlesVS12\ConquestOfCastlesVS12\Release\Player.obj
C:\Users\Taha\documents\visual studio 2012\Projects\ConquestOfCastlesVS12\ConquestOfCastlesVS12\Release\PlayerAI.obj
C:\Users\Taha\documents\visual studio 2012\Projects\ConquestOfCastlesVS12\ConquestOfCastlesVS12\Release\ServerConnection.obj
C:\Users\Taha\documents\visual studio 2012\Projects\ConquestOfCastlesVS12\ConquestOfCastlesVS12\Release\TcpConnectionWindows.obj
C:\Users\Taha\documents\visual studio 2012\Projects\ConquestOfCastlesVS12\ConquestOfCastlesVS12\Release\ThreadManagerWindows.obj
C:\Users\Taha\documents\visual studio 2012\Projects\ConquestOfCastlesVS12\ConquestOfCastlesVS12\Release\Unit.obj
C:\Users\Taha\documents\visual studio 2012\Projects\ConquestOfCastlesVS12\ConquestOfCastlesVS12\Release\WorldModel.obj
C:\Users\Taha\documents\visual studio 2012\Projects\ConquestOfCastlesVS12\ConquestOfCastlesVS12\Release\cl.command.1.tlog
C:\Users\Taha\documents\visual studio 2012\Projects\ConquestOfCastlesVS12\ConquestOfCastlesVS12\Release\CL.read.1.tlog
C:\Users\Taha\documents\visual studio 2012\Projects\ConquestOfCastlesVS12\ConquestOfCastlesVS12\Release\CL.write.1.tlog
C:\Users\Taha\documents\visual studio 2012\Projects\ConquestOfCastlesVS12\ConquestOfCastlesVS12\Release\ConquestOfCastlesVS12.write.1.tlog
C:\Users\Taha\documents\visual studio 2012\Projects\ConquestOfCastlesVS12\ConquestOfCastlesVS12\Release\Lib-link.read.1.tlog
C:\Users\Taha\documents\visual studio 2012\Projects\ConquestOfCastlesVS12\ConquestOfCastlesVS12\Release\Lib-link.write.1.tlog
C:\Users\Taha\documents\visual studio 2012\Projects\ConquestOfCastlesVS12\ConquestOfCastlesVS12\Release\lib.command.1.tlog
C:\Users\Taha\documents\visual studio 2012\Projects\ConquestOfCastlesVS12\ConquestOfCastlesVS12\Release\link-cvtres.read.1.tlog
C:\Users\Taha\documents\visual studio 2012\Projects\ConquestOfCastlesVS12\ConquestOfCastlesVS12\Release\link-cvtres.write.1.tlog
C:\Users\Taha\documents\visual studio 2012\Projects\ConquestOfCastlesVS12\ConquestOfCastlesVS12\Release\link-rc.read.1.tlog
C:\Users\Taha\documents\visual studio 2012\Projects\ConquestOfCastlesVS12\ConquestOfCastlesVS12\Release\link-rc.write.1.tlog
C:\Users\Taha\documents\visual studio 2012\Projects\ConquestOfCastlesVS12\ConquestOfCastlesVS12\Release\link.command.1.tlog
C:\Users\Taha\documents\visual studio 2012\Projects\ConquestOfCastlesVS12\ConquestOfCastlesVS12\Release\link.read.1.tlog
C:\Users\Taha\documents\visual studio 2012\Projects\ConquestOfCastlesVS12\ConquestOfCastlesVS12\Release\link.write.1.tlog
C:\Users\Taha\documents\visual studio 2012\Projects\ConquestOfCastlesVS12\ConquestOfCastlesVS12\Release\vc110.pdb
C:\Users\Taha\documents\visual studio 2012\Projects\ConquestOfCastlesVS12\Release\ConquestOfCastlesVS12.pdb
C:\Users\Taha\documents\visual studio 2012\Projects\ConquestOfCastlesVS12\Release\ConquestOfCastlesVS12.exe
